0 silly argv {
0 silly argv   _: [ 'add' ],
0 silly argv   dev: true,
0 silly argv   D: true,
0 silly argv   scope: 'app2',
0 silly argv   globs: [],
0 silly argv   lernaVersion: '6.0.3',
0 silly argv   '$0': '/Users/chenkuichen/Documents/code/micro-frontends/node_modules/.bin/lerna',
0 silly argv   pkg: 'style-loader'
0 silly argv }
1 notice cli v6.0.3
2 verbose rootPath /Users/chenkuichen/Documents/code/micro-frontends
3 error JSONError: Unexpected token "}" (0x7D) in JSON at position 369 while parsing near "...redux\": \"^4.2.0\",\n  },\n  \"devDependencie..." in app2/package.json
3 error
3 error [0m [90m 15 |[39m     [32m"react-router-dom"[39m[33m:[39m [32m"^6.4.3"[39m[33m,[39m[0m
3 error [0m [90m 16 |[39m     [32m"redux"[39m[33m:[39m [32m"^4.2.0"[39m[33m,[39m[0m
3 error [0m[31m[1m>[22m[39m[90m 17 |[39m   }[33m,[39m[0m
3 error [0m [90m    |[39m   [31m[1m^[22m[39m[0m
3 error [0m [90m 18 |[39m   [32m"devDependencies"[39m[33m:[39m {[0m
3 error [0m [90m 19 |[39m     [32m"@babel/core"[39m[33m:[39m [32m"^7.14.3"[39m[33m,[39m[0m
3 error [0m [90m 20 |[39m     [32m"@babel/preset-react"[39m[33m:[39m [32m"^7.13.13"[39m[33m,[39m[0m
3 error
3 error     at parseJson (/Users/chenkuichen/Documents/code/micro-frontends/node_modules/parse-json/index.js:29:21)
3 error     at parse (/Users/chenkuichen/Documents/code/micro-frontends/node_modules/load-json-file/index.js:15:9)
3 error     at module.exports (/Users/chenkuichen/Documents/code/micro-frontends/node_modules/load-json-file/index.js:18:47)
